<?xml version="1.0" encoding="UTF-8"?>
<!-- Generated by org.testng.reporters.JUnitXMLReporter -->
<testsuite ignored="0" hostname="DESKTOP-CI3J417" failures="1" tests="11" name="Application Sanity Cases" time="161.065" errors="0" timestamp="2021-08-02T16:25:34 IST">
  <testcase classname="com.demo.qa.testcases.Blueapron_Tests" name="testScriptCall1" time="27.297"/>
  <testcase classname="com.demo.qa.testcases.Blueapron_Tests" name="testScriptCall2" time="20.731"/>
  <testcase classname="com.demo.qa.testcases.Blueapron_Tests" name="testScriptCall3" time="0.121"/>
  <testcase classname="com.demo.qa.testcases.Blueapron_Tests" name="testScriptCall4" time="0.263"/>
  <testcase classname="com.demo.qa.testcases.Blueapron_Tests" name="testScriptCall5" time="1.304"/>
  <testcase classname="com.demo.qa.testcases.Blueapron_Tests" name="testScriptCall6" time="20.153"/>
  <testcase classname="com.demo.qa.testcases.Blueapron_Tests" name="testScriptCall7" time="0.103"/>
  <testcase classname="com.demo.qa.testcases.Blueapron_Tests" name="testScriptCall8" time="10.623"/>
  <testcase classname="com.demo.qa.testcases.Blueapron_Tests" name="testScriptCall9" time="40.1"/>
  <testcase classname="com.demo.qa.testcases.Blueapron_Tests" name="testScriptCall_1" time="20.022"/>
  <testcase classname="com.demo.qa.testcases.Blueapron_Tests" name="testScriptCall_2" time="20.016">
    <failure type="org.openqa.selenium.NoSuchElementException" message="no such element: Unable to locate element: {&amp;quot;method&amp;quot;:&amp;quot;xpath&amp;quot;,&amp;quot;selector&amp;quot;:&amp;quot;.//button[.=&amp;apos;Continue&amp;apos;]&amp;quot;}
  (Session info: chrome=92.0.4515.107)
For documentation on this error, please visit: https://www.seleniumhq.org/exceptions/no_such_element.html
Build info: version: &amp;apos;3.141.59&amp;apos;, revision: &amp;apos;e82be7d358&amp;apos;, time: &amp;apos;2018-11-14T08:17:03&amp;apos;
System info: host: &amp;apos;DESKTOP-CI3J417&amp;apos;, ip: &amp;apos;172.25.96.1&amp;apos;, os.name: &amp;apos;Windows 10&amp;apos;, os.arch: &amp;apos;amd64&amp;apos;, os.version: &amp;apos;10.0&amp;apos;, java.version: &amp;apos;15.0.2&amp;apos;
Driver info: org.openqa.selenium.chrome.ChromeDriver
Capabilities {acceptInsecureCerts: false, browserName: chrome, browserVersion: 92.0.4515.107, chrome: {chromedriverVersion: 92.0.4515.43 (8c61b7e2989f2..., userDataDir: C:\Users\Navee\AppData\Loca...}, goog:chromeOptions: {debuggerAddress: localhost:51791}, javascriptEnabled: true, networkConnectionEnabled: false, pageLoadStrategy: normal, platform: WINDOWS, platformName: WINDOWS, proxy: Proxy(), setWindowRect: true, strictFileInteractability: false, timeouts: {implicit: 0, pageLoad: 300000, script: 30000}, unhandledPromptBehavior: dismiss and notify, webauthn:extension:credBlob: true, webauthn:extension:largeBlob: true, webauthn:virtualAuthenticators: true}
Session ID: 57596c033f905d675077fb0ba2992c8e
*** Element info: {Using=xpath, value=.//button[.=&amp;apos;Continue&amp;apos;]}">
      <![CDATA[org.openqa.selenium.NoSuchElementException: no such element: Unable to locate element: {"method":"xpath","selector":".//button[.='Continue']"}
  (Session info: chrome=92.0.4515.107)
For documentation on this error, please visit: https://www.seleniumhq.org/exceptions/no_such_element.html
Build info: version: '3.141.59', revision: 'e82be7d358', time: '2018-11-14T08:17:03'
System info: host: 'DESKTOP-CI3J417', ip: '172.25.96.1', os.name: 'Windows 10', os.arch: 'amd64', os.version: '10.0', java.version: '15.0.2'
Driver info: org.openqa.selenium.chrome.ChromeDriver
Capabilities {acceptInsecureCerts: false, browserName: chrome, browserVersion: 92.0.4515.107, chrome: {chromedriverVersion: 92.0.4515.43 (8c61b7e2989f2..., userDataDir: C:\Users\Navee\AppData\Loca...}, goog:chromeOptions: {debuggerAddress: localhost:51791}, javascriptEnabled: true, networkConnectionEnabled: false, pageLoadStrategy: normal, platform: WINDOWS, platformName: WINDOWS, proxy: Proxy(), setWindowRect: true, strictFileInteractability: false, timeouts: {implicit: 0, pageLoad: 300000, script: 30000}, unhandledPromptBehavior: dismiss and notify, webauthn:extension:credBlob: true, webauthn:extension:largeBlob: true, webauthn:virtualAuthenticators: true}
Session ID: 57596c033f905d675077fb0ba2992c8e
*** Element info: {Using=xpath, value=.//button[.='Continue']}
at org.openqa.selenium.remote.http.W3CHttpResponseCodec.createException(W3CHttpResponseCodec.java:187)
at org.openqa.selenium.remote.http.W3CHttpResponseCodec.decode(W3CHttpResponseCodec.java:122)
at org.openqa.selenium.remote.http.W3CHttpResponseCodec.decode(W3CHttpResponseCodec.java:49)
at org.openqa.selenium.remote.HttpCommandExecutor.execute(HttpCommandExecutor.java:158)
at org.openqa.selenium.remote.service.DriverCommandExecutor.execute(DriverCommandExecutor.java:83)
at org.openqa.selenium.remote.RemoteWebDriver.execute(RemoteWebDriver.java:552)
at org.openqa.selenium.remote.RemoteWebDriver.findElement(RemoteWebDriver.java:323)
at org.openqa.selenium.remote.RemoteWebDriver.findElementByXPath(RemoteWebDriver.java:428)
at org.openqa.selenium.By$ByXPath.findElement(By.java:353)
at org.openqa.selenium.remote.RemoteWebDriver.findElement(RemoteWebDriver.java:315)
at com.demo.qa.pages.Blueapron_SignupPage.clickContinueButton(Blueapron_SignupPage.java:61)
at com.demo.qa.testcases.Blueapron_Tests.testScriptCall_2(Blueapron_Tests.java:84)
at java.base/java.util.ArrayList.forEach(ArrayList.java:1511)
... Removed 32 stack frames]]>
    </failure>
  </testcase> <!-- testScriptCall_2 -->
</testsuite> <!-- Application Sanity Cases -->
