<?xml version="1.0" encoding="UTF-8"?>
<!-- Generated by org.testng.reporters.JUnitXMLReporter -->
<testsuite ignored="0" hostname="DESKTOP-CI3J417" failures="0" tests="11" name="Default test" time="3.435" errors="0" timestamp="2021-07-25T09:13:05 IST">
  <testcase classname="com.demo.qa.base.TestBase" name="@BeforeMethod Ab" time="3.005">
    <failure type="org.openqa.selenium.SessionNotCreatedException" message="session not created: This version of ChromeDriver only supports Chrome version 87
Current browser version is 92.0.4515.107 with binary path C:\Program Files\Google\Chrome\Application\chrome.exe
Build info: version: &amp;apos;3.141.59&amp;apos;, revision: &amp;apos;e82be7d358&amp;apos;, time: &amp;apos;2018-11-14T08:17:03&amp;apos;
System info: host: &amp;apos;DESKTOP-CI3J417&amp;apos;, ip: &amp;apos;192.168.56.1&amp;apos;, os.name: &amp;apos;Windows 10&amp;apos;, os.arch: &amp;apos;amd64&amp;apos;, os.version: &amp;apos;10.0&amp;apos;, java.version: &amp;apos;15.0.2&amp;apos;
Driver info: driver.version: ChromeDriver
remote stacktrace: Backtrace:
	Ordinal0 [0x010CC0C3+3326147]
	Ordinal0 [0x00FB0851+2164817]
	Ordinal0 [0x00E37298+619160]
	Ordinal0 [0x00DB1D92+73106]
	Ordinal0 [0x00DAE119+57625]
	Ordinal0 [0x00DAC38A+50058]
	Ordinal0 [0x00DD5F3E+220990]
	Ordinal0 [0x00DD5CAC+220332]
	Ordinal0 [0x00DD189B+202907]
	Ordinal0 [0x00DB3DF4+81396]
	Ordinal0 [0x00DB4DEE+85486]
	Ordinal0 [0x00DB4D79+85369]
	Ordinal0 [0x00FC85DC+2262492]
	GetHandleVerifier [0x01252874+1487204]
	GetHandleVerifier [0x012523CD+1486013]
	GetHandleVerifier [0x0125A368+1518680]
	GetHandleVerifier [0x01252F4E+1488958]
	Ordinal0 [0x00FBED0D+2223373]
	Ordinal0 [0x00FCA12B+2269483]
	Ordinal0 [0x00FCA26F+2269807]
	Ordinal0 [0x00FDECB8+2354360]
	BaseThreadInitThunk [0x76EEFA29+25]
	RtlGetAppContainerNamedObjectPath [0x779B7A4E+286]
	RtlGetAppContainerNamedObjectPath [0x779B7A1E+238]
">
      <![CDATA[org.openqa.selenium.SessionNotCreatedException: session not created: This version of ChromeDriver only supports Chrome version 87
Current browser version is 92.0.4515.107 with binary path C:\Program Files\Google\Chrome\Application\chrome.exe
Build info: version: '3.141.59', revision: 'e82be7d358', time: '2018-11-14T08:17:03'
System info: host: 'DESKTOP-CI3J417', ip: '192.168.56.1', os.name: 'Windows 10', os.arch: 'amd64', os.version: '10.0', java.version: '15.0.2'
Driver info: driver.version: ChromeDriver
remote stacktrace: Backtrace:
Ordinal0 [0x010CC0C3+3326147]
Ordinal0 [0x00FB0851+2164817]
Ordinal0 [0x00E37298+619160]
Ordinal0 [0x00DB1D92+73106]
Ordinal0 [0x00DAE119+57625]
Ordinal0 [0x00DAC38A+50058]
Ordinal0 [0x00DD5F3E+220990]
Ordinal0 [0x00DD5CAC+220332]
Ordinal0 [0x00DD189B+202907]
Ordinal0 [0x00DB3DF4+81396]
Ordinal0 [0x00DB4DEE+85486]
Ordinal0 [0x00DB4D79+85369]
Ordinal0 [0x00FC85DC+2262492]
GetHandleVerifier [0x01252874+1487204]
GetHandleVerifier [0x012523CD+1486013]
GetHandleVerifier [0x0125A368+1518680]
GetHandleVerifier [0x01252F4E+1488958]
Ordinal0 [0x00FBED0D+2223373]
Ordinal0 [0x00FCA12B+2269483]
Ordinal0 [0x00FCA26F+2269807]
Ordinal0 [0x00FDECB8+2354360]
BaseThreadInitThunk [0x76EEFA29+25]
RtlGetAppContainerNamedObjectPath [0x779B7A4E+286]
RtlGetAppContainerNamedObjectPath [0x779B7A1E+238]

at java.base/jdk.internal.reflect.NativeConstructorAccessorImpl.newInstance0(Native Method)
at java.base/jdk.internal.reflect.NativeConstructorAccessorImpl.newInstance(NativeConstructorAccessorImpl.java:64)
at java.base/jdk.internal.reflect.DelegatingConstructorAccessorImpl.newInstance(DelegatingConstructorAccessorImpl.java:45)
at java.base/java.lang.reflect.Constructor.newInstanceWithCaller(Constructor.java:500)
at java.base/java.lang.reflect.Constructor.newInstance(Constructor.java:481)
at org.openqa.selenium.remote.W3CHandshakeResponse.lambda$errorHandler$0(W3CHandshakeResponse.java:62)
at org.openqa.selenium.remote.HandshakeResponse.lambda$getResponseFunction$0(HandshakeResponse.java:30)
at org.openqa.selenium.remote.ProtocolHandshake.lambda$createSession$0(ProtocolHandshake.java:126)
at java.base/java.util.stream.ReferencePipeline$3$1.accept(ReferencePipeline.java:195)
at java.base/java.util.Spliterators$ArraySpliterator.tryAdvance(Spliterators.java:958)
at java.base/java.util.stream.ReferencePipeline.forEachWithCancel(ReferencePipeline.java:127)
at java.base/java.util.stream.AbstractPipeline.copyIntoWithCancel(AbstractPipeline.java:502)
at java.base/java.util.stream.AbstractPipeline.copyInto(AbstractPipeline.java:488)
at java.base/java.util.stream.AbstractPipeline.wrapAndCopyInto(AbstractPipeline.java:474)
at java.base/java.util.stream.FindOps$FindOp.evaluateSequential(FindOps.java:150)
at java.base/java.util.stream.AbstractPipeline.evaluate(AbstractPipeline.java:234)
at java.base/java.util.stream.ReferencePipeline.findFirst(ReferencePipeline.java:543)
at org.openqa.selenium.remote.ProtocolHandshake.createSession(ProtocolHandshake.java:128)
at org.openqa.selenium.remote.ProtocolHandshake.createSession(ProtocolHandshake.java:74)
at org.openqa.selenium.remote.HttpCommandExecutor.execute(HttpCommandExecutor.java:136)
at org.openqa.selenium.remote.service.DriverCommandExecutor.execute(DriverCommandExecutor.java:83)
at org.openqa.selenium.remote.RemoteWebDriver.execute(RemoteWebDriver.java:552)
at org.openqa.selenium.remote.RemoteWebDriver.startSession(RemoteWebDriver.java:213)
at org.openqa.selenium.remote.RemoteWebDriver.<init>(RemoteWebDriver.java:131)
at org.openqa.selenium.chrome.ChromeDriver.<init>(ChromeDriver.java:181)
at org.openqa.selenium.chrome.ChromeDriver.<init>(ChromeDriver.java:168)
at org.openqa.selenium.chrome.ChromeDriver.<init>(ChromeDriver.java:123)
at com.demo.qa.base.TestBase.Ab(TestBase.java:46)
at java.base/jdk.internal.reflect.NativeMethodAccessorImpl.invoke0(Native Method)
at java.base/jdk.internal.reflect.NativeMethodAccessorImpl.invoke(NativeMethodAccessorImpl.java:64)
at java.base/jdk.internal.reflect.DelegatingMethodAccessorImpl.invoke(DelegatingMethodAccessorImpl.java:43)
at java.base/java.lang.reflect.Method.invoke(Method.java:564)
at org.testng.internal.MethodInvocationHelper.invokeMethod(MethodInvocationHelper.java:134)
at org.testng.internal.MethodInvocationHelper.invokeMethodConsideringTimeout(MethodInvocationHelper.java:63)
at org.testng.internal.ConfigInvoker.invokeConfigurationMethod(ConfigInvoker.java:348)
at org.testng.internal.ConfigInvoker.invokeConfigurations(ConfigInvoker.java:302)
at org.testng.internal.TestInvoker.runConfigMethods(TestInvoker.java:695)
at org.testng.internal.TestInvoker.invokeMethod(TestInvoker.java:523)
at org.testng.internal.TestInvoker.invokeTestMethod(TestInvoker.java:173)
at org.testng.internal.MethodRunner.runInSequence(MethodRunner.java:46)
at org.testng.internal.TestInvoker$MethodInvocationAgent.invoke(TestInvoker.java:816)
at org.testng.internal.TestInvoker.invokeTestMethods(TestInvoker.java:146)
at org.testng.internal.TestMethodWorker.invokeTestMethods(TestMethodWorker.java:146)
at org.testng.internal.TestMethodWorker.run(TestMethodWorker.java:128)
at java.base/java.util.ArrayList.forEach(ArrayList.java:1511)
at org.testng.TestRunner.privateRun(TestRunner.java:766)
at org.testng.TestRunner.run(TestRunner.java:587)
at org.testng.SuiteRunner.runTest(SuiteRunner.java:384)
at org.testng.SuiteRunner.runSequentially(SuiteRunner.java:378)
at org.testng.SuiteRunner.privateRun(SuiteRunner.java:337)
at org.testng.SuiteRunner.run(SuiteRunner.java:286)
at org.testng.SuiteRunnerWorker.runSuite(SuiteRunnerWorker.java:53)
at org.testng.SuiteRunnerWorker.run(SuiteRunnerWorker.java:96)
at org.testng.TestNG.runSuitesSequentially(TestNG.java:1187)
at org.testng.TestNG.runSuitesLocally(TestNG.java:1109)
at org.testng.TestNG.runSuites(TestNG.java:1039)
at org.testng.TestNG.run(TestNG.java:1007)
at org.testng.remote.AbstractRemoteTestNG.run(AbstractRemoteTestNG.java:115)
at org.testng.remote.RemoteTestNG.initAndRun(RemoteTestNG.java:251)
at org.testng.remote.RemoteTestNG.main(RemoteTestNG.java:77)
]]>
    </failure>
  </testcase> <!-- @BeforeMethod Ab -->
  <testcase classname="com.demo.qa.base.TestBase" name="@AfterMethod tearDown" time="-1.627184585494E9">
    <skipped/>
  </testcase> <!-- @AfterMethod tearDown -->
  <testcase classname="com.demo.qa.base.TestBase" name="@BeforeMethod Ab" time="-1.627184585504E9">
    <skipped/>
  </testcase> <!-- @BeforeMethod Ab -->
  <testcase classname="com.demo.qa.base.TestBase" name="@AfterMethod tearDown" time="-1.627184585531E9">
    <skipped/>
  </testcase> <!-- @AfterMethod tearDown -->
  <testcase classname="com.demo.qa.base.TestBase" name="@BeforeMethod Ab" time="-1.627184585538E9">
    <skipped/>
  </testcase> <!-- @BeforeMethod Ab -->
  <testcase classname="com.demo.qa.base.TestBase" name="@AfterMethod tearDown" time="-1.627184585555E9">
    <skipped/>
  </testcase> <!-- @AfterMethod tearDown -->
  <testcase classname="com.demo.qa.base.TestBase" name="@BeforeMethod Ab" time="-1.627184585564E9">
    <skipped/>
  </testcase> <!-- @BeforeMethod Ab -->
  <testcase classname="com.demo.qa.base.TestBase" name="@AfterMethod tearDown" time="-1.627184585584E9">
    <skipped/>
  </testcase> <!-- @AfterMethod tearDown -->
  <testcase classname="com.demo.qa.base.TestBase" name="@BeforeMethod Ab" time="-1.627184585589E9">
    <skipped/>
  </testcase> <!-- @BeforeMethod Ab -->
  <testcase classname="com.demo.qa.base.TestBase" name="@AfterMethod tearDown" time="-1.62718458562E9">
    <skipped/>
  </testcase> <!-- @AfterMethod tearDown -->
  <testcase classname="com.demo.qa.base.TestBase" name="@BeforeMethod Ab" time="-1.62718458563E9">
    <skipped/>
  </testcase> <!-- @BeforeMethod Ab -->
  <testcase classname="com.demo.qa.base.TestBase" name="@AfterMethod tearDown" time="-1.627184585651E9">
    <skipped/>
  </testcase> <!-- @AfterMethod tearDown -->
  <testcase classname="com.demo.qa.base.TestBase" name="@BeforeMethod Ab" time="-1.627184585664E9">
    <skipped/>
  </testcase> <!-- @BeforeMethod Ab -->
  <testcase classname="com.demo.qa.base.TestBase" name="@AfterMethod tearDown" time="-1.627184585694E9">
    <skipped/>
  </testcase> <!-- @AfterMethod tearDown -->
  <testcase classname="com.demo.qa.base.TestBase" name="@BeforeMethod Ab" time="-1.627184585703E9">
    <skipped/>
  </testcase> <!-- @BeforeMethod Ab -->
  <testcase classname="com.demo.qa.base.TestBase" name="@AfterMethod tearDown" time="-1.627184585718E9">
    <skipped/>
  </testcase> <!-- @AfterMethod tearDown -->
  <testcase classname="com.demo.qa.base.TestBase" name="@BeforeMethod Ab" time="-1.627184585724E9">
    <skipped/>
  </testcase> <!-- @BeforeMethod Ab -->
  <testcase classname="com.demo.qa.base.TestBase" name="@AfterMethod tearDown" time="-1.627184585734E9">
    <skipped/>
  </testcase> <!-- @AfterMethod tearDown -->
  <testcase classname="com.demo.qa.base.TestBase" name="@BeforeMethod Ab" time="-1.627184585736E9">
    <skipped/>
  </testcase> <!-- @BeforeMethod Ab -->
  <testcase classname="com.demo.qa.base.TestBase" name="@AfterMethod tearDown" time="-1.627184585748E9">
    <skipped/>
  </testcase> <!-- @AfterMethod tearDown -->
  <testcase classname="com.demo.qa.base.TestBase" name="@BeforeMethod Ab" time="-1.627184585751E9">
    <skipped/>
  </testcase> <!-- @BeforeMethod Ab -->
  <testcase classname="com.demo.qa.base.TestBase" name="@AfterMethod tearDown" time="-1.62718458577E9">
    <skipped/>
  </testcase> <!-- @AfterMethod tearDown -->
  <testcase classname="com.demo.qa.testcases.Blueapron_Tests" name="testScriptCall1" time="0.0">
    <skipped/>
  </testcase> <!-- testScriptCall1 -->
  <testcase classname="com.demo.qa.testcases.Blueapron_Tests" name="testScriptCall2" time="0.0">
    <skipped/>
  </testcase> <!-- testScriptCall2 -->
  <testcase classname="com.demo.qa.testcases.Blueapron_Tests" name="testScriptCall3" time="0.0">
    <skipped/>
  </testcase> <!-- testScriptCall3 -->
  <testcase classname="com.demo.qa.testcases.Blueapron_Tests" name="testScriptCall4" time="0.0">
    <skipped/>
  </testcase> <!-- testScriptCall4 -->
  <testcase classname="com.demo.qa.testcases.Blueapron_Tests" name="testScriptCall5" time="0.0">
    <skipped/>
  </testcase> <!-- testScriptCall5 -->
  <testcase classname="com.demo.qa.testcases.Blueapron_Tests" name="testScriptCall6" time="0.0">
    <skipped/>
  </testcase> <!-- testScriptCall6 -->
  <testcase classname="com.demo.qa.testcases.Blueapron_Tests" name="testScriptCall7" time="0.0">
    <skipped/>
  </testcase> <!-- testScriptCall7 -->
  <testcase classname="com.demo.qa.testcases.Blueapron_Tests" name="testScriptCall8" time="0.0">
    <skipped/>
  </testcase> <!-- testScriptCall8 -->
  <testcase classname="com.demo.qa.testcases.Blueapron_Tests" name="testScriptCall9" time="0.0">
    <skipped/>
  </testcase> <!-- testScriptCall9 -->
  <testcase classname="com.demo.qa.testcases.Blueapron_Tests" name="testScriptCall_1" time="0.0">
    <skipped/>
  </testcase> <!-- testScriptCall_1 -->
  <testcase classname="com.demo.qa.testcases.Blueapron_Tests" name="testScriptCall_2" time="0.0">
    <skipped/>
  </testcase> <!-- testScriptCall_2 -->
</testsuite> <!-- Default test -->
